2022-03-07 23:10:25 INFO  RegisterServlet:57 - Register user role indi
2022-03-07 23:10:25 INFO  LoginServlet:57 - User successes log in id = 9 and hes role = adm
2022-03-07 23:10:25 WARN  Inspections:39 - Attempt to change the status of a non-existent report
2022-03-07 23:10:26 INFO  ReportServlet:89 - Insert report file = uploadDir/32022-03-07231026/file1.xml
2022-03-16 16:14:50 INFO  LoginServlet:60 - User successes log in id = 9 and hes role = adm
2022-03-16 16:14:50 WARN  Inspections:44 - Attempt to change the status of a non-existent report
2022-03-16 16:14:50 INFO  ReportServlet:72 - Insert report file = 3/2022-03-16161450/file1.xml
2022-03-16 16:14:51 ERROR ReportServlet:76 - Cannot load file java.lang.NullPointerException
2022-03-18 15:41:05 INFO  LoginServlet:60 - User successes log in id = 9 and hes role = adm
2022-03-18 15:41:05 WARN  Inspections:44 - Attempt to change the status of a non-existent report
2022-03-18 15:41:05 INFO  ReportServlet:72 - Insert report file = 3/2022-03-18154105/file1.xml
2022-03-18 15:41:06 ERROR ReportServlet:76 - Cannot load file java.lang.NullPointerException
2022-03-18 15:45:28 INFO  LoginServlet:60 - User successes log in id = 9 and hes role = adm
2022-03-18 15:45:28 WARN  Inspections:44 - Attempt to change the status of a non-existent report
2022-03-18 15:45:29 INFO  ReportServlet:72 - Insert report file = 3/2022-03-18154529/file1.xml
2022-03-18 15:45:29 ERROR ReportServlet:76 - Cannot load file java.lang.NullPointerException
2022-03-18 15:46:01 INFO  LoginServlet:60 - User successes log in id = 9 and hes role = adm
2022-03-18 15:46:01 WARN  Inspections:44 - Attempt to change the status of a non-existent report
2022-03-18 15:46:01 INFO  ReportServlet:72 - Insert report file = 3/2022-03-18154601/file1.xml
2022-03-18 15:46:02 ERROR ReportServlet:76 - Cannot load file java.lang.NullPointerException
2022-03-18 16:03:52 INFO  LoginServlet:60 - User successes log in id = 9 and hes role = adm
2022-03-18 16:03:52 WARN  Inspections:44 - Attempt to change the status of a non-existent report
2022-03-18 16:03:54 INFO  LoginServlet:60 - User successes log in id = 9 and hes role = adm
2022-03-18 16:03:55 WARN  Inspections:44 - Attempt to change the status of a non-existent report
2022-03-18 19:00:20 INFO  RegisterServlet:61 - Register user role indi
2022-03-18 19:00:43 INFO  RegisterServlet:61 - Register user role indi
2022-03-18 19:01:01 INFO  RegisterServlet:61 - Register user role indi
2022-03-18 19:01:01 INFO  LoginServlet:60 - User successes log in id = 9 and hes role = adm
2022-03-18 19:01:01 WARN  Inspections:44 - Attempt to change the status of a non-existent report
2022-03-18 19:01:35 INFO  RegisterServlet:61 - Register user role indi
2022-03-18 19:01:35 INFO  LoginServlet:60 - User successes log in id = 9 and hes role = adm
2022-03-18 19:01:35 WARN  Inspections:44 - Attempt to change the status of a non-existent report
2022-03-20 20:48:22 WARN  Inspections:44 - Attempt to change the status of a non-existent report
2022-03-20 20:48:35 INFO  RegisterServlet:61 - Register user role indi
2022-03-20 20:48:35 INFO  LoginServlet:60 - User successes log in id = 9 and hes role = adm
2022-03-20 20:48:37 WARN  Inspections:44 - Attempt to change the status of a non-existent report
2022-03-20 20:52:08 INFO  RegisterServlet:61 - Register user role indi
2022-03-20 20:52:08 INFO  LoginServlet:60 - User successes log in id = 9 and hes role = adm
2022-03-20 20:52:10 WARN  Inspections:44 - Attempt to change the status of a non-existent report
2022-03-20 20:52:31 INFO  RegisterServlet:61 - Register user role indi
2022-03-20 20:52:31 INFO  LoginServlet:60 - User successes log in id = 9 and hes role = adm
2022-03-20 20:52:33 WARN  Inspections:44 - Attempt to change the status of a non-existent report
2022-03-20 21:05:26 INFO  RegisterServlet:61 - Register user role indi
2022-03-20 21:05:26 INFO  LoginServlet:60 - User successes log in id = 9 and hes role = adm
2022-03-20 21:05:29 WARN  Inspections:44 - Attempt to change the status of a non-existent report
2022-03-20 21:08:56 INFO  ReportServlet:72 - Insert report file = 3/2022-03-20210856/file1.xml
2022-03-20 21:08:57 ERROR ReportServlet:76 - Cannot load file java.lang.NullPointerException
2022-03-20 21:18:35 INFO  ReportServlet:72 - Insert report file = 3/2022-03-20211835/file1.xml
2022-03-20 21:18:36 ERROR ReportServlet:76 - Cannot load file java.lang.NullPointerException
2022-03-20 21:19:07 INFO  ReportServlet:72 - Insert report file = 3/2022-03-20211907/file1.xml
2022-03-20 21:19:08 ERROR ReportServlet:76 - Cannot load file java.lang.NullPointerException
2022-03-20 21:19:45 INFO  ReportServlet:72 - Insert report file = 3/2022-03-20211945/file1.xml
2022-03-20 21:19:46 ERROR ReportServlet:76 - Cannot load file java.lang.NullPointerException
2022-03-20 21:22:43 INFO  ReportServlet:72 - Insert report file = 3/2022-03-20212243/file1.xml
2022-03-20 21:22:44 ERROR ReportServlet:76 - Cannot load file java.lang.NullPointerException
2022-03-20 21:23:55 INFO  ReportServlet:72 - Insert report file = 3/2022-03-20212355/file1.xml
2022-03-20 21:23:56 ERROR ReportServlet:76 - Cannot load file java.lang.NullPointerException
2022-03-20 21:24:25 INFO  ReportServlet:72 - Insert report file = 3/2022-03-20212425/file1.xml
2022-03-20 21:24:27 ERROR ReportServlet:76 - Cannot load file java.lang.NullPointerException
2022-03-20 21:31:31 INFO  ReportServlet:72 - Insert report file = 3/2022-03-20213131/file1.xml
2022-03-20 21:31:32 ERROR ReportServlet:76 - Cannot load file java.lang.NullPointerException
2022-03-20 21:33:19 INFO  ReportServlet:72 - Insert report file = 3/2022-03-20213319/input.xml
2022-03-20 21:33:20 ERROR ReportServlet:76 - Cannot load file java.lang.NullPointerException
2022-03-20 21:36:53 INFO  ReportServlet:72 - Insert report file = 3/2022-03-20213653/input.xml
2022-03-20 21:36:54 ERROR ReportServlet:76 - Cannot load file java.lang.NullPointerException
2022-03-20 21:39:54 INFO  ReportServlet:72 - Insert report file = 3/2022-03-20213954/input.xml
2022-03-20 21:39:55 ERROR ReportServlet:76 - Cannot load file java.lang.NullPointerException
2022-03-20 21:40:19 INFO  ReportServlet:72 - Insert report file = 3/2022-03-20214019/input.xml
2022-03-20 21:40:20 ERROR ReportServlet:76 - Cannot load file java.lang.NullPointerException
2022-03-20 22:01:55 ERROR ReportServlet:76 - Cannot load file java.lang.NullPointerException
2022-03-20 22:05:10 INFO  ReportServlet:72 - Insert report file = 3/2022-03-20220510/input.xml
2022-03-20 22:05:11 ERROR ReportServlet:76 - Cannot load file java.lang.NullPointerException
2022-03-20 22:08:11 INFO  ReportServlet:72 - Insert report file = 3/2022-03-20220811/input.xml
2022-03-20 22:08:34 INFO  ReportServlet:72 - Insert report file = 3/2022-03-20220834/input.xml
2022-03-20 22:08:46 INFO  ReportServlet:72 - Insert report file = 3/2022-03-20220846/input.xml
2022-03-20 22:09:45 INFO  RegisterServlet:61 - Register user role indi
2022-03-20 22:09:45 INFO  LoginServlet:60 - User successes log in id = 9 and hes role = adm
2022-03-20 22:09:48 WARN  Inspections:44 - Attempt to change the status of a non-existent report
2022-03-20 22:09:48 INFO  ReportServlet:72 - Insert report file = 3/2022-03-20220948/input.xml
2022-03-24 13:15:35 INFO  RegisterServlet:61 - Register user role indi
2022-03-24 13:15:35 INFO  LoginServlet:60 - User successes log in id = 9 and hes role = adm
2022-03-24 13:15:46 WARN  Inspections:44 - Attempt to change the status of a non-existent report
2022-03-24 13:15:47 INFO  ReportServlet:72 - Insert report file = 3/2022-03-24131547/input.xml
2022-03-24 13:15:58 ERROR ReportServlet:76 - Cannot load file software.amazon.awssdk.core.exception.SdkClientException: Received an UnknownHostException when attempting to interact with a service. See cause for the exact endpoint that is failing to resolve. If this is happening on an endpoint that previously worked, there may be a network connectivity issue or your DNS cache could be storing endpoints for too long.
2022-03-30 19:54:36 INFO  LoginServlet:70 - User successes log in id = 9 and hes role = adm
2022-03-30 19:54:43 WARN  Inspections:44 - Attempt to change the status of a non-existent report
2022-03-30 19:54:43 INFO  ReportServlet:67 - Insert report file = 3/2022-03-30195443/input.xml
2022-03-30 19:54:45 INFO  RegisterServlet:61 - Register user role indi
